1:C 04 Nov 2022 13:02:04.013 # oO0OoO0OoO0Oo Redis is starting oO0OoO0OoO0Oo
1:C 04 Nov 2022 13:02:04.016 # Redis version=7.0.4, bits=64, commit=00000000, modified=0, pid=1, just started
1:C 04 Nov 2022 13:02:04.021 # Configuration loaded
1:M 04 Nov 2022 13:02:04.025 * monotonic clock: POSIX clock_gettime
                _._                                                  
           _.-``__ ''-._                                             
      _.-``    `.  `_.  ''-._           Redis 7.0.4 (00000000/0) 64 bit
  .-`` .-```.  ```\/    _.,_ ''-._                                  
 (    '      ,       .-`  | `,    )     Running in standalone mode
 |`-._`-...-` __...-.``-._|'` _.-'|     Port: 6379
 |    `-._   `._    /     _.-'    |     PID: 1
  `-._    `-._  `-./  _.-'    _.-'                                   
 |`-._`-._    `-.__.-'    _.-'_.-'|                                  
 |    `-._`-._        _.-'_.-'    |           https://redis.io       
  `-._    `-._`-.__.-'_.-'    _.-'                                   
 |`-._`-._    `-.__.-'    _.-'_.-'|                                  
 |    `-._`-._        _.-'_.-'    |                                  
  `-._    `-._`-.__.-'_.-'    _.-'                                   
      `-._    `-.__.-'    _.-'                                       
          `-._        _.-'                                           
              `-.__.-'                                               

1:M 04 Nov 2022 13:02:04.036 # Server initialized
1:M 04 Nov 2022 13:02:04.066 * Creating AOF base file appendonly.aof.1.base.aof on server start
1:M 04 Nov 2022 13:02:04.081 * Creating AOF incr file appendonly.aof.1.incr.aof on server start
1:M 04 Nov 2022 13:02:04.088 * Ready to accept connections
